<?xml version="1.0" encoding="UTF-8"?>
<!-- Generated by org.testng.reporters.JUnitReportReporter -->
<testsuite hostname="hp" failures="0" tests="1" name="ecommerece.ecomtest.DeleteFirstTwoTest" time="12.540" errors="0" timestamp="2023-05-14T23:11:30 IST" skipped="0">
  <testcase classname="ecommerece.ecomtest.DeleteFirstTwoTest" name="delete" time="12.540"/>
  <system-out/>
</testsuite> <!-- ecommerece.ecomtest.DeleteFirstTwoTest -->
