<?xml version="1.0" encoding="UTF-8"?>
<!-- Generated by org.testng.reporters.JUnitReportReporter -->
<testsuite hostname="hp" failures="0" tests="1" name="ecommerece.ecomtest.DownloadOrderTest" time="6.252" errors="0" timestamp="2023-05-01T17:01:05 IST" skipped="0">
  <testcase classname="ecommerece.ecomtest.DownloadOrderTest" name="validateDownload" time="6.252"/>
  <system-out/>
</testsuite> <!-- ecommerece.ecomtest.DownloadOrderTest -->
