<?xml version="1.0" encoding="UTF-8"?>
<!-- Generated by org.testng.reporters.JUnitReportReporter -->
<testsuite hostname="hp" failures="0" tests="2" name="com.eclectic.interview.sort.Validation" time="1.379" errors="0" timestamp="2023-04-16T18:46:42 IST" skipped="0">
  <testcase classname="com.eclectic.interview.sort.Validation" name="assertNameSort" time="0.393"/>
  <system-out/>
  <testcase classname="com.eclectic.interview.sort.Validation" name="assertComplexitySort" time="0.986"/>
  <system-out/>
</testsuite> <!-- com.eclectic.interview.sort.Validation -->
