<?xml version="1.0" encoding="UTF-8"?>
<!-- Generated by org.testng.reporters.JUnitReportReporter -->
<testsuite hostname="hp" failures="0" tests="1" name="ecommerece.ecomtest.DeleteSingleItemTest" time="332.933" errors="0" timestamp="2023-05-07T01:03:52 IST" skipped="0">
  <testcase classname="ecommerece.ecomtest.DeleteSingleItemTest" name="validateDelete" time="332.933"/>
  <system-out/>
</testsuite> <!-- ecommerece.ecomtest.DeleteSingleItemTest -->
