<?xml version="1.0" encoding="UTF-8"?>
<!-- Generated by org.testng.reporters.JUnitReportReporter -->
<testsuite hostname="hp" failures="0" tests="1" name="ecommerece.ecomtest.LoginTest" time="8.881" errors="0" timestamp="2023-05-07T01:30:39 IST" skipped="0">
  <testcase classname="ecommerece.ecomtest.LoginTest" name="loginValidation" time="8.881"/>
  <system-out/>
</testsuite> <!-- ecommerece.ecomtest.LoginTest -->
