<?xml version="1.0" encoding="UTF-8"?>
<!-- Generated by org.testng.reporters.JUnitReportReporter -->
<testsuite hostname="hp" failures="0" tests="1" name="ecommerece.ecomtest.DeleteSelectedItemTest" time="18.942" errors="0" timestamp="2023-05-02T11:49:39 IST" skipped="0">
  <testcase classname="ecommerece.ecomtest.DeleteSelectedItemTest" name="DeleteItemValidation" time="18.942"/>
  <system-out/>
</testsuite> <!-- ecommerece.ecomtest.DeleteSelectedItemTest -->
