<?xml version="1.0" encoding="UTF-8"?>
<!-- Generated by org.testng.reporters.JUnitReportReporter -->
<testsuite hostname="hp" failures="0" tests="1" name="ecommerece.ecomtest.CategoryTest" time="6.309" errors="0" timestamp="2023-04-30T14:00:52 IST" skipped="0">
  <testcase classname="ecommerece.ecomtest.CategoryTest" name="category" time="6.309"/>
  <system-out/>
</testsuite> <!-- ecommerece.ecomtest.CategoryTest -->
