<?xml version="1.0" encoding="UTF-8"?>
<!-- Generated by org.testng.reporters.JUnitReportReporter -->
<testsuite hostname="hp" failures="0" tests="1" name="ecommerece.ecomtest.DownloadOrderTest" time="6.288" errors="0" timestamp="2023-05-07T01:15:11 IST" skipped="0">
  <testcase classname="ecommerece.ecomtest.DownloadOrderTest" name="validateDownload" time="6.288"/>
  <system-out/>
</testsuite> <!-- ecommerece.ecomtest.DownloadOrderTest -->
