<?xml version="1.0" encoding="UTF-8"?>
<!-- Generated by org.testng.reporters.JUnitReportReporter -->
<testsuite hostname="hp" failures="0" tests="1" name="ecommerece.ecomtest.AddRequiredProductTest" time="12.543" errors="0" timestamp="2023-05-07T22:49:37 IST" skipped="0">
  <testcase classname="ecommerece.ecomtest.AddRequiredProductTest" name="addToCartValidation" time="12.543"/>
  <system-out/>
</testsuite> <!-- ecommerece.ecomtest.AddRequiredProductTest -->
