<?xml version="1.0" encoding="UTF-8"?>
<!-- Generated by org.testng.reporters.JUnitReportReporter -->
<testsuite hostname="hp" failures="0" tests="1" name="ecommerece.ecomtest.AddToCartTest" time="9.459" errors="0" timestamp="2023-04-28T00:23:00 IST" skipped="0">
  <testcase classname="ecommerece.ecomtest.AddToCartTest" name="addToCartValidation" time="9.459"/>
  <system-out/>
</testsuite> <!-- ecommerece.ecomtest.AddToCartTest -->
