<?xml version="1.0" encoding="UTF-8"?>
<!-- Generated by org.testng.reporters.JUnitReportReporter -->
<testsuite hostname="hp" failures="0" tests="1" name="ecommerece.ecomtest.PlaceOrderTest" time="21.904" errors="0" timestamp="2023-05-02T11:51:55 IST" skipped="0">
  <testcase classname="ecommerece.ecomtest.PlaceOrderTest" name="placeOrderValidation" time="21.904"/>
  <system-out/>
</testsuite> <!-- ecommerece.ecomtest.PlaceOrderTest -->
