<?xml version="1.0" encoding="UTF-8"?>
<!-- Generated by org.testng.reporters.JUnitReportReporter -->
<testsuite hostname="hp" failures="0" tests="1" name="ecommerece.ecomtest.RegisterTest" time="17.541" errors="0" timestamp="2023-05-01T23:13:59 IST" skipped="0">
  <testcase classname="ecommerece.ecomtest.RegisterTest" name="validateRegistration" time="17.541"/>
  <system-out/>
</testsuite> <!-- ecommerece.ecomtest.RegisterTest -->
