<?xml version="1.0" encoding="UTF-8"?>
<!-- Generated by org.testng.reporters.JUnitReportReporter -->
<testsuite hostname="hp" failures="0" tests="1" name="ecommerece.ecomtest.OrderPageTest" time="31.014" errors="0" timestamp="2023-05-06T22:36:38 IST" skipped="0">
  <testcase classname="ecommerece.ecomtest.OrderPageTest" name="validateOrderPage" time="31.014"/>
  <system-out/>
</testsuite> <!-- ecommerece.ecomtest.OrderPageTest -->
